<?xml version="1.0" encoding="UTF-8"?>
<!-- Generated by org.testng.reporters.JUnitReportReporter -->
<testsuite skipped="0" hostname="admin-PC" name="SamplePackage2.Class1" tests="2" failures="0" timestamp="13 Feb 2019 08:41:43 GMT" time="0.011" errors="0">
  <testcase name="testCase1" time="0.002" classname="SamplePackage2.Class1"/>
  <testcase name="tearDown" time="0.009" classname="SamplePackage2.Class1"/>
</testsuite> <!-- SamplePackage2.Class1 -->
