<?xml version="1.0" encoding="UTF-8"?>
<!-- Generated by org.testng.reporters.JUnitReportReporter -->
<testsuite skipped="0" hostname="admin-PC" name="FrameWork.AppTest" tests="1" failures="0" timestamp="15 Feb 2019 06:10:52 GMT" time="21.742" errors="0">
  <testcase name="launchApp" time="21.742" classname="FrameWork.AppTest"/>
</testsuite> <!-- FrameWork.AppTest -->
